Active-HDL 13.0.376.8320 2023-06-09 00:58:33

Elaboration top modules:
VHDL Configuration            led_driver_tb_conf


------------------------------------------------------------------------------------------------------------
Entity        | Architecture       | Library       | Info | Compiler Version          | Compilation Options
------------------------------------------------------------------------------------------------------------
led_driver_tb | led_driver_tb_arch | LAB_1_Zhurman |      | 13.0.376.8320 (Windows64) | -O3
led_driver    | led_drv_arch       | LAB_1_Zhurman |      | 13.0.376.8320 (Windows64) | -O3
------------------------------------------------------------------------------------------------------------

------------------------------------------------------------------------------------------------------------
VHDL Configuration                 | Library       | Info | Compiler Version          | Compilation Options
------------------------------------------------------------------------------------------------------------
led_driver_tb_conf                 | LAB_1_Zhurman |      | 13.0.376.8320 (Windows64) | -O3
------------------------------------------------------------------------------------------------------------

------------------------------------------------------------------------------------------------------------
VHDL Package                       | Library       | Info | Compiler Version          | Compilation Options
------------------------------------------------------------------------------------------------------------
standard                           | std           |      |                           | <unavailable>
TEXTIO                             | std           |      | 13.0.376.8320 (Windows64) |  -2019
std_logic_1164                     | ieee          |      | 13.0.376.8320 (Windows64) |  -2008
NUMERIC_STD                        | ieee          |      | 13.0.376.8320 (Windows64) |  -2008
------------------------------------------------------------------------------------------------------------

------------------------------------------------------------------------------------------------------------
Library                            | Comment
------------------------------------------------------------------------------------------------------------
ieee                               | Standard IEEE packages library
LAB_1_Zhurman                      | None
std                                | Standard VHDL library
------------------------------------------------------------------------------------------------------------


Simulation Options: asim +access +r led_driver_tb_conf


The performance of simulation is reduced. Version Student Edition
